file main.c: Parsing
Converting
Type-checking main
file main.c line 29 function main: function `c::printf' is not declared
Generating GOTO Program
Adding CPROVER library
Function Pointer Removal
Partial Inlining
Generic Property Instrumentation
Starting Bounded Model Checking
**** WARNING: no body for function c::nondet
Unwinding loop c::main.0 iteration 1 file main.c line 23 function main
size of program expression: 37 assignments
simple slicing removed 0 assignments
Generated 1 VCC(s), 1 remaining after simplification
Passing problem to propositional reduction
Running propositional reduction
Solving with MiniSAT2 with simplifier
3395 variables, 7308 clauses
SAT checker inconsistent: negated claim is UNSATISFIABLE, i.e., holds
Runtime decision procedure: 0.015s
VERIFICATION SUCCESSFUL
file main.c: Parsing
Converting
Type-checking main
file main.c line 29 function main: function `c::printf' is not declared
Generating GOTO Program
Adding CPROVER library
Function Pointer Removal
Partial Inlining
Generic Property Instrumentation
Starting Bounded Model Checking
**** WARNING: no body for function c::nondet
Unwinding loop c::main.0 iteration 1 file main.c line 23 function main
size of program expression: 37 assignments
simple slicing removed 0 assignments
Generated 1 VCC(s), 1 remaining after simplification
Passing problem to propositional reduction
Running propositional reduction
Solving with MiniSAT2 with simplifier
3395 variables, 7308 clauses
SAT checker inconsistent: negated claim is UNSATISFIABLE, i.e., holds
Runtime decision procedure: 0.015s
VERIFICATION SUCCESSFUL
