file main.c: Parsing
Converting
Type-checking main
file main.c line 28 function main: function `c::printf' is not declared
Generating GOTO Program
Adding CPROVER library
Function Pointer Removal
Partial Inlining
Generic Property Instrumentation
Starting Bounded Model Checking
**** WARNING: no body for function c::nondet
Unwinding loop c::main.0 iteration 1 file main.c line 22 function main
Unwinding loop c::main.0 iteration 2 file main.c line 22 function main
Unwinding loop c::main.0 iteration 3 file main.c line 22 function main
size of program expression: 67 assignments
simple slicing removed 0 assignments
Generated 1 VCC(s), 1 remaining after simplification
Passing problem to propositional reduction
Running propositional reduction
Solving with MiniSAT2 with simplifier
7009 variables, 19552 clauses
SAT checker: negated claim is SATISFIABLE, i.e., does not hold
Runtime decision procedure: 0.098s
Building error trace

Counterexample:

State 2 file <built-in> line 26 thread 0
----------------------------------------------------
  __CPROVER_deallocated=NULL (00000000000000000000000000000000)

State 3 file <built-in> line 27 thread 0
----------------------------------------------------
  __CPROVER_malloc_object=NULL (00000000000000000000000000000000)

State 4 file <built-in> line 28 thread 0
----------------------------------------------------
  __CPROVER_malloc_size=0 (00000000000000000000000000000000)

State 5 file <built-in> line 29 thread 0
----------------------------------------------------
  __CPROVER_malloc_is_new_array=FALSE (0)

State 6 file <built-in> line 38 thread 0
----------------------------------------------------
  __CPROVER_rounding_mode=0 (00000000000000000000000000000000)

State 8 file main.c line 9 function main thread 0
----------------------------------------------------
  i=0 (00000000000000000000000000000000)

State 9 file main.c line 9 function main thread 0
----------------------------------------------------
  next=0 (00000000000000000000000000000000)

State 10 file main.c line 11 function main thread 0
----------------------------------------------------
  G={ { 0, 0, 0, 0, 0 }, { 0, 0, 0, 0, 0 }, { 0, 0, 0, 0, 0 }, { 0, 0, 0, 0, 0 }, { 0, 0, 0, 0, 0 } } ({ { 00000000000000000000000000000000, 00000000000000000000000000000000, 00000000000000000000000000000000, 00000000000000000000000000000000, 00000000000000000000000000000000 }, { 00000000000000000000000000000000, 00000000000000000000000000000000, 00000000000000000000000000000000, 00000000000000000000000000000000, 00000000000000000000000000000000 }, { 00000000000000000000000000000000, 00000000000000000000000000000000, 00000000000000000000000000000000, 00000000000000000000000000000000, 00000000000000000000000000000000 }, { 00000000000000000000000000000000, 00000000000000000000000000000000, 00000000000000000000000000000000, 00000000000000000000000000000000, 00000000000000000000000000000000 }, { 00000000000000000000000000000000, 00000000000000000000000000000000, 00000000000000000000000000000000, 00000000000000000000000000000000, 00000000000000000000000000000000 } })

State 11 file main.c line 11 function main thread 0
----------------------------------------------------
  G={ { 0, 1, 0, 0, 1 }, { 0, 0, 1, 0, 0 }, { 0, 1, 0, 1, 0 }, { 1, 0, 0, 0, 0 }, { 0, 0, 0, 0, 1 } } ({ { 00000000000000000000000000000000, 00000000000000000000000000000001, 00000000000000000000000000000000, 00000000000000000000000000000000, 00000000000000000000000000000001 }, { 00000000000000000000000000000000, 00000000000000000000000000000000, 00000000000000000000000000000001, 00000000000000000000000000000000, 00000000000000000000000000000000 }, { 00000000000000000000000000000000, 00000000000000000000000000000001, 00000000000000000000000000000000, 00000000000000000000000000000001, 00000000000000000000000000000000 }, { 00000000000000000000000000000001, 00000000000000000000000000000000, 00000000000000000000000000000000, 00000000000000000000000000000000, 00000000000000000000000000000000 }, { 00000000000000000000000000000000, 00000000000000000000000000000000, 00000000000000000000000000000000, 00000000000000000000000000000000, 00000000000000000000000000000001 } })

State 12 file main.c line 19 function main thread 0
----------------------------------------------------
  result=0 (00000000000000000000000000000000)

State 13 file main.c line 19 function main thread 0
----------------------------------------------------
  result=1 (00000000000000000000000000000001)

State 14 file main.c line 20 function main thread 0
----------------------------------------------------
  node=0 (00000000000000000000000000000000)

State 15 file main.c line 20 function main thread 0
----------------------------------------------------
  node=0 (00000000000000000000000000000000)

State 16 file main.c line 21 function main thread 0
----------------------------------------------------
  node=0 (00000000000000000000000000000000)

State 17 file main.c line 22 function main thread 0
----------------------------------------------------
  i=0 (00000000000000000000000000000000)

State 19 file main.c line 23 function main thread 0
----------------------------------------------------
  return_value_nondet$1=0 (00000000000000000000000000000000)

State 21 file main.c line 23 function main thread 0
----------------------------------------------------
  return_value_nondet$1=-1909 (11111111111111111111100010001011)

State 22 file main.c line 23 function main thread 0
----------------------------------------------------
  next=-4 (11111111111111111111111111111100)

State 23 file main.c line 24 function main thread 0
----------------------------------------------------
  tmp_condition$2=FALSE (0)

State 24 file main.c line 24 function main thread 0
----------------------------------------------------
  tmp_condition$2=TRUE (1)

State 26 file main.c line 24 function main thread 0
----------------------------------------------------
  tmp_condition$3=FALSE (0)

State 27 file main.c line 24 function main thread 0
----------------------------------------------------
  tmp_condition$3=TRUE (1)

State 28 file main.c line 24 function main thread 0
----------------------------------------------------
  result=1 (00000000000000000000000000000001)

State 29 file main.c line 25 function main thread 0
----------------------------------------------------
  node=-4 (11111111111111111111111111111100)

State 30 file main.c line 22 function main thread 0
----------------------------------------------------
  i=1 (00000000000000000000000000000001)

State 33 file main.c line 23 function main thread 0
----------------------------------------------------
  return_value_nondet$1=0 (00000000000000000000000000000000)

State 35 file main.c line 23 function main thread 0
----------------------------------------------------
  return_value_nondet$1=-7 (11111111111111111111111111111001)

State 36 file main.c line 23 function main thread 0
----------------------------------------------------
  next=-2 (11111111111111111111111111111110)

State 37 file main.c line 24 function main thread 0
----------------------------------------------------
  tmp_condition$2=FALSE (0)

State 38 file main.c line 24 function main thread 0
----------------------------------------------------
  tmp_condition$2=TRUE (1)

State 40 file main.c line 24 function main thread 0
----------------------------------------------------
  tmp_condition$3=FALSE (0)

State 41 file main.c line 24 function main thread 0
----------------------------------------------------
  tmp_condition$3=TRUE (1)

State 42 file main.c line 24 function main thread 0
----------------------------------------------------
  result=1 (00000000000000000000000000000001)

State 43 file main.c line 25 function main thread 0
----------------------------------------------------
  node=-2 (11111111111111111111111111111110)

State 44 file main.c line 22 function main thread 0
----------------------------------------------------
  i=2 (00000000000000000000000000000010)

State 47 file main.c line 23 function main thread 0
----------------------------------------------------
  return_value_nondet$1=0 (00000000000000000000000000000000)

State 49 file main.c line 23 function main thread 0
----------------------------------------------------
  return_value_nondet$1=327674875 (00010011100001111110101111111011)

State 50 file main.c line 23 function main thread 0
----------------------------------------------------
  next=0 (00000000000000000000000000000000)

State 51 file main.c line 24 function main thread 0
----------------------------------------------------
  tmp_condition$2=FALSE (0)

State 52 file main.c line 24 function main thread 0
----------------------------------------------------
  tmp_condition$2=TRUE (1)

State 54 file main.c line 24 function main thread 0
----------------------------------------------------
  tmp_condition$3=FALSE (0)

State 55 file main.c line 24 function main thread 0
----------------------------------------------------
  tmp_condition$3=TRUE (1)

State 56 file main.c line 24 function main thread 0
----------------------------------------------------
  result=1 (00000000000000000000000000000001)

State 57 file main.c line 25 function main thread 0
----------------------------------------------------
  node=0 (00000000000000000000000000000000)

State 58 file main.c line 22 function main thread 0
----------------------------------------------------
  i=3 (00000000000000000000000000000011)
result=1; node=0

State 62 file main.c line 29 function main thread 0
----------------------------------------------------
  result=1 (00000000000000000000000000000001)

Violated property:
  file main.c line 31 function main
  assertion
  !(_Bool)result

VERIFICATION FAILED
